The system is: Linux - 5.4.0-144-generic - x86_64
Compiling the C compiler identification source file "CMakeCCompilerId.c" succeeded.
Compiler: /usr/local/arm/5.4.0/usr/bin/arm-linux-gcc 
Build flags: 
Id flags:  

The output was:
0


Compilation of the C compiler identification source "CMakeCCompilerId.c" produced "a.out"

The C compiler identification is GNU, found in "/home/china/xxx/音乐播放器/build/CMakeFiles/3.10.2/CompilerIdC/a.out"

Compiling the CXX compiler identification source file "CMakeCXXCompilerId.cpp" succeeded.
Compiler: /usr/local/arm/5.4.0/usr/bin/arm-linux-g++ 
Build flags: 
Id flags:  

The output was:
0


Compilation of the CXX compiler identification source "CMakeCXXCompilerId.cpp" produced "a.out"

The CXX compiler identification is GNU, found in "/home/china/xxx/音乐播放器/build/CMakeFiles/3.10.2/CompilerIdCXX/a.out"

Determining if the C compiler works passed with the following output:
Change Dir: /home/china/xxx/音乐播放器/build/CMakeFiles/CMakeTmp

Run Build Command:"/usr/bin/make" "cmTC_43d3f/fast"
/usr/bin/make -f CMakeFiles/cmTC_43d3f.dir/build.make CMakeFiles/cmTC_43d3f.dir/build
make[1]: 进入目录“/home/china/xxx/音乐播放器/build/CMakeFiles/CMakeTmp”
Building C object CMakeFiles/cmTC_43d3f.dir/testCCompiler.c.o
/usr/local/arm/5.4.0/usr/bin/arm-linux-gcc    -o CMakeFiles/cmTC_43d3f.dir/testCCompiler.c.o   -c /home/china/xxx/音乐播放器/build/CMakeFiles/CMakeTmp/testCCompiler.c
Linking C executable cmTC_43d3f
/usr/bin/cmake -E cmake_link_script CMakeFiles/cmTC_43d3f.dir/link.txt --verbose=1
/usr/local/arm/5.4.0/usr/bin/arm-linux-gcc      -rdynamic CMakeFiles/cmTC_43d3f.dir/testCCompiler.c.o  -o cmTC_43d3f 
make[1]: 离开目录“/home/china/xxx/音乐播放器/build/CMakeFiles/CMakeTmp”


Detecting C compiler ABI info compiled with the following output:
Change Dir: /home/china/xxx/音乐播放器/build/CMakeFiles/CMakeTmp

Run Build Command:"/usr/bin/make" "cmTC_16725/fast"
/usr/bin/make -f CMakeFiles/cmTC_16725.dir/build.make CMakeFiles/cmTC_16725.dir/build
make[1]: 进入目录“/home/china/xxx/音乐播放器/build/CMakeFiles/CMakeTmp”
Building C object CMakeFiles/cmTC_16725.dir/CMakeCCompilerABI.c.o
/usr/local/arm/5.4.0/usr/bin/arm-linux-gcc    -o CMakeFiles/cmTC_16725.dir/CMakeCCompilerABI.c.o   -c /usr/share/cmake-3.10/Modules/CMakeCCompilerABI.c
Linking C executable cmTC_16725
/usr/bin/cmake -E cmake_link_script CMakeFiles/cmTC_16725.dir/link.txt --verbose=1
/usr/local/arm/5.4.0/usr/bin/arm-linux-gcc     -v -rdynamic CMakeFiles/cmTC_16725.dir/CMakeCCompilerABI.c.o  -o cmTC_16725 
使用内建 specs。
COLLECT_GCC=/usr/local/arm/5.4.0/usr/bin/arm-linux-gcc.br_real
COLLECT_LTO_WRAPPER=/usr/local/arm/5.4.0/usr/bin/../libexec/gcc/arm-none-linux-gnueabi/5.4.0/lto-wrapper
目标：arm-none-linux-gnueabi
配置为：./configure --prefix=/home/geclab/buildroot-2016.11/output/host/usr --sysconfdir=/home/geclab/buildroot-2016.11/output/host/etc --enable-static --target=arm-none-linux-gnueabi --with-sysroot=/home/geclab/buildroot-2016.11/output/host/usr/arm-none-linux-gnueabi/sysroot --disable-__cxa_atexit --with-gnu-ld --disable-libssp --disable-multilib --with-gmp=/home/geclab/buildroot-2016.11/output/host/usr --with-mpc=/home/geclab/buildroot-2016.11/output/host/usr --with-mpfr=/home/geclab/buildroot-2016.11/output/host/usr --with-pkgversion='Buildroot 2016.11' --with-bugurl=http://bugs.buildroot.net/ --disable-libquadmath --enable-tls --disable-libmudflap --enable-threads --without-isl --without-cloog --with-float=soft --disable-decimal-float --with-abi=aapcs-linux --with-cpu=cortex-a15 --with-float=soft --with-mode=arm --enable-languages=c,c++,fortran --with-build-time-tools=/home/geclab/buildroot-2016.11/output/host/usr/arm-none-linux-gnueabi/bin --enable-shared --disable-libgomp
线程模型：posix
gcc 版本 5.4.0 (Buildroot 2016.11) 
COMPILER_PATH=/usr/local/arm/5.4.0/usr/bin/../libexec/gcc/arm-none-linux-gnueabi/5.4.0/:/usr/local/arm/5.4.0/usr/bin/../libexec/gcc/:/usr/local/arm/5.4.0/usr/bin/../lib/gcc/arm-none-linux-gnueabi/5.4.0/../../../../arm-none-linux-gnueabi/bin/
LIBRARY_PATH=/usr/local/arm/5.4.0/usr/bin/../lib/gcc/arm-none-linux-gnueabi/5.4.0/:/usr/local/arm/5.4.0/usr/bin/../lib/gcc/:/usr/local/arm/5.4.0/usr/bin/../lib/gcc/arm-none-linux-gnueabi/5.4.0/../../../../arm-none-linux-gnueabi/lib/:/usr/local/arm/5.4.0/usr/arm-none-linux-gnueabi/sysroot/lib/:/usr/local/arm/5.4.0/usr/arm-none-linux-gnueabi/sysroot/usr/lib/
COLLECT_GCC_OPTIONS='-v' '-rdynamic' '-o' 'cmTC_16725' '-mcpu=cortex-a15' '-mfloat-abi=soft' '-mabi=aapcs-linux' '-marm' '-mtls-dialect=gnu'
 /usr/local/arm/5.4.0/usr/bin/../libexec/gcc/arm-none-linux-gnueabi/5.4.0/collect2 -plugin /usr/local/arm/5.4.0/usr/bin/../libexec/gcc/arm-none-linux-gnueabi/5.4.0/liblto_plugin.so -plugin-opt=/usr/local/arm/5.4.0/usr/bin/../libexec/gcc/arm-none-linux-gnueabi/5.4.0/lto-wrapper -plugin-opt=-fresolution=/tmp/ccLcGAo3.res -plugin-opt=-pass-through=-lgcc -plugin-opt=-pass-through=-lgcc_s -plugin-opt=-pass-through=-lc -plugin-opt=-pass-through=-lgcc -plugin-opt=-pass-through=-lgcc_s --sysroot=/usr/local/arm/5.4.0/usr/arm-none-linux-gnueabi/sysroot --eh-frame-hdr -export-dynamic -dynamic-linker /lib/ld-linux.so.3 -X -m armelf_linux_eabi -o cmTC_16725 /usr/local/arm/5.4.0/usr/arm-none-linux-gnueabi/sysroot/usr/lib/crt1.o /usr/local/arm/5.4.0/usr/arm-none-linux-gnueabi/sysroot/usr/lib/crti.o /usr/local/arm/5.4.0/usr/bin/../lib/gcc/arm-none-linux-gnueabi/5.4.0/crtbegin.o -L/usr/local/arm/5.4.0/usr/bin/../lib/gcc/arm-none-linux-gnueabi/5.4.0 -L/usr/local/arm/5.4.0/usr/bin/../lib/gcc -L/usr/local/arm/5.4.0/usr/bin/../lib/gcc/arm-none-linux-gnueabi/5.4.0/../../../../arm-none-linux-gnueabi/lib -L/usr/local/arm/5.4.0/usr/arm-none-linux-gnueabi/sysroot/lib -L/usr/local/arm/5.4.0/usr/arm-none-linux-gnueabi/sysroot/usr/lib CMakeFiles/cmTC_16725.dir/CMakeCCompilerABI.c.o -lgcc --as-needed -lgcc_s --no-as-needed -lc -lgcc --as-needed -lgcc_s --no-as-needed /usr/local/arm/5.4.0/usr/bin/../lib/gcc/arm-none-linux-gnueabi/5.4.0/crtend.o /usr/local/arm/5.4.0/usr/arm-none-linux-gnueabi/sysroot/usr/lib/crtn.o
make[1]: 离开目录“/home/china/xxx/音乐播放器/build/CMakeFiles/CMakeTmp”


Parsed C implicit link information from above output:
  link line regex: [^( *|.*[/\])(ld|CMAKE_LINK_STARTFILE-NOTFOUND|([^/\]+-)?ld|collect2)[^/\]*( |$)]
  ignore line: [Change Dir: /home/china/xxx/音乐播放器/build/CMakeFiles/CMakeTmp]
  ignore line: []
  ignore line: [Run Build Command:"/usr/bin/make" "cmTC_16725/fast"]
  ignore line: [/usr/bin/make -f CMakeFiles/cmTC_16725.dir/build.make CMakeFiles/cmTC_16725.dir/build]
  ignore line: [make[1]: 进入目录“/home/china/xxx/音乐播放器/build/CMakeFiles/CMakeTmp”]
  ignore line: [Building C object CMakeFiles/cmTC_16725.dir/CMakeCCompilerABI.c.o]
  ignore line: [/usr/local/arm/5.4.0/usr/bin/arm-linux-gcc    -o CMakeFiles/cmTC_16725.dir/CMakeCCompilerABI.c.o   -c /usr/share/cmake-3.10/Modules/CMakeCCompilerABI.c]
  ignore line: [Linking C executable cmTC_16725]
  ignore line: [/usr/bin/cmake -E cmake_link_script CMakeFiles/cmTC_16725.dir/link.txt --verbose=1]
  ignore line: [/usr/local/arm/5.4.0/usr/bin/arm-linux-gcc     -v -rdynamic CMakeFiles/cmTC_16725.dir/CMakeCCompilerABI.c.o  -o cmTC_16725 ]
  ignore line: [使用内建 specs。]
  ignore line: [COLLECT_GCC=/usr/local/arm/5.4.0/usr/bin/arm-linux-gcc.br_real]
  ignore line: [COLLECT_LTO_WRAPPER=/usr/local/arm/5.4.0/usr/bin/../libexec/gcc/arm-none-linux-gnueabi/5.4.0/lto-wrapper]
  ignore line: [目标：arm-none-linux-gnueabi]
  ignore line: [配置为：./configure --prefix=/home/geclab/buildroot-2016.11/output/host/usr --sysconfdir=/home/geclab/buildroot-2016.11/output/host/etc --enable-static --target=arm-none-linux-gnueabi --with-sysroot=/home/geclab/buildroot-2016.11/output/host/usr/arm-none-linux-gnueabi/sysroot --disable-__cxa_atexit --with-gnu-ld --disable-libssp --disable-multilib --with-gmp=/home/geclab/buildroot-2016.11/output/host/usr --with-mpc=/home/geclab/buildroot-2016.11/output/host/usr --with-mpfr=/home/geclab/buildroot-2016.11/output/host/usr --with-pkgversion='Buildroot 2016.11' --with-bugurl=http://bugs.buildroot.net/ --disable-libquadmath --enable-tls --disable-libmudflap --enable-threads --without-isl --without-cloog --with-float=soft --disable-decimal-float --with-abi=aapcs-linux --with-cpu=cortex-a15 --with-float=soft --with-mode=arm --enable-languages=c,c++,fortran --with-build-time-tools=/home/geclab/buildroot-2016.11/output/host/usr/arm-none-linux-gnueabi/bin --enable-shared --disable-libgomp]
  ignore line: [线程模型：posix]
  ignore line: [gcc 版本 5.4.0 (Buildroot 2016.11) ]
  ignore line: [COMPILER_PATH=/usr/local/arm/5.4.0/usr/bin/../libexec/gcc/arm-none-linux-gnueabi/5.4.0/:/usr/local/arm/5.4.0/usr/bin/../libexec/gcc/:/usr/local/arm/5.4.0/usr/bin/../lib/gcc/arm-none-linux-gnueabi/5.4.0/../../../../arm-none-linux-gnueabi/bin/]
  ignore line: [LIBRARY_PATH=/usr/local/arm/5.4.0/usr/bin/../lib/gcc/arm-none-linux-gnueabi/5.4.0/:/usr/local/arm/5.4.0/usr/bin/../lib/gcc/:/usr/local/arm/5.4.0/usr/bin/../lib/gcc/arm-none-linux-gnueabi/5.4.0/../../../../arm-none-linux-gnueabi/lib/:/usr/local/arm/5.4.0/usr/arm-none-linux-gnueabi/sysroot/lib/:/usr/local/arm/5.4.0/usr/arm-none-linux-gnueabi/sysroot/usr/lib/]
  ignore line: [COLLECT_GCC_OPTIONS='-v' '-rdynamic' '-o' 'cmTC_16725' '-mcpu=cortex-a15' '-mfloat-abi=soft' '-mabi=aapcs-linux' '-marm' '-mtls-dialect=gnu']
  link line: [ /usr/local/arm/5.4.0/usr/bin/../libexec/gcc/arm-none-linux-gnueabi/5.4.0/collect2 -plugin /usr/local/arm/5.4.0/usr/bin/../libexec/gcc/arm-none-linux-gnueabi/5.4.0/liblto_plugin.so -plugin-opt=/usr/local/arm/5.4.0/usr/bin/../libexec/gcc/arm-none-linux-gnueabi/5.4.0/lto-wrapper -plugin-opt=-fresolution=/tmp/ccLcGAo3.res -plugin-opt=-pass-through=-lgcc -plugin-opt=-pass-through=-lgcc_s -plugin-opt=-pass-through=-lc -plugin-opt=-pass-through=-lgcc -plugin-opt=-pass-through=-lgcc_s --sysroot=/usr/local/arm/5.4.0/usr/arm-none-linux-gnueabi/sysroot --eh-frame-hdr -export-dynamic -dynamic-linker /lib/ld-linux.so.3 -X -m armelf_linux_eabi -o cmTC_16725 /usr/local/arm/5.4.0/usr/arm-none-linux-gnueabi/sysroot/usr/lib/crt1.o /usr/local/arm/5.4.0/usr/arm-none-linux-gnueabi/sysroot/usr/lib/crti.o /usr/local/arm/5.4.0/usr/bin/../lib/gcc/arm-none-linux-gnueabi/5.4.0/crtbegin.o -L/usr/local/arm/5.4.0/usr/bin/../lib/gcc/arm-none-linux-gnueabi/5.4.0 -L/usr/local/arm/5.4.0/usr/bin/../lib/gcc -L/usr/local/arm/5.4.0/usr/bin/../lib/gcc/arm-none-linux-gnueabi/5.4.0/../../../../arm-none-linux-gnueabi/lib -L/usr/local/arm/5.4.0/usr/arm-none-linux-gnueabi/sysroot/lib -L/usr/local/arm/5.4.0/usr/arm-none-linux-gnueabi/sysroot/usr/lib CMakeFiles/cmTC_16725.dir/CMakeCCompilerABI.c.o -lgcc --as-needed -lgcc_s --no-as-needed -lc -lgcc --as-needed -lgcc_s --no-as-needed /usr/local/arm/5.4.0/usr/bin/../lib/gcc/arm-none-linux-gnueabi/5.4.0/crtend.o /usr/local/arm/5.4.0/usr/arm-none-linux-gnueabi/sysroot/usr/lib/crtn.o]
    arg [/usr/local/arm/5.4.0/usr/bin/../libexec/gcc/arm-none-linux-gnueabi/5.4.0/collect2] ==> ignore
    arg [-plugin] ==> ignore
    arg [/usr/local/arm/5.4.0/usr/bin/../libexec/gcc/arm-none-linux-gnueabi/5.4.0/liblto_plugin.so] ==> ignore
    arg [-plugin-opt=/usr/local/arm/5.4.0/usr/bin/../libexec/gcc/arm-none-linux-gnueabi/5.4.0/lto-wrapper] ==> ignore
    arg [-plugin-opt=-fresolution=/tmp/ccLcGAo3.res] ==> ignore
    arg [-plugin-opt=-pass-through=-lgcc] ==> ignore
    arg [-plugin-opt=-pass-through=-lgcc_s] ==> ignore
    arg [-plugin-opt=-pass-through=-lc] ==> ignore
    arg [-plugin-opt=-pass-through=-lgcc] ==> ignore
    arg [-plugin-opt=-pass-through=-lgcc_s] ==> ignore
    arg [--sysroot=/usr/local/arm/5.4.0/usr/arm-none-linux-gnueabi/sysroot] ==> ignore
    arg [--eh-frame-hdr] ==> ignore
    arg [-export-dynamic] ==> ignore
    arg [-dynamic-linker] ==> ignore
    arg [/lib/ld-linux.so.3] ==> ignore
    arg [-X] ==> ignore
    arg [-m] ==> ignore
    arg [armelf_linux_eabi] ==> ignore
    arg [-o] ==> ignore
    arg [cmTC_16725] ==> ignore
    arg [/usr/local/arm/5.4.0/usr/arm-none-linux-gnueabi/sysroot/usr/lib/crt1.o] ==> ignore
    arg [/usr/local/arm/5.4.0/usr/arm-none-linux-gnueabi/sysroot/usr/lib/crti.o] ==> ignore
    arg [/usr/local/arm/5.4.0/usr/bin/../lib/gcc/arm-none-linux-gnueabi/5.4.0/crtbegin.o] ==> ignore
    arg [-L/usr/local/arm/5.4.0/usr/bin/../lib/gcc/arm-none-linux-gnueabi/5.4.0] ==> dir [/usr/local/arm/5.4.0/usr/bin/../lib/gcc/arm-none-linux-gnueabi/5.4.0]
    arg [-L/usr/local/arm/5.4.0/usr/bin/../lib/gcc] ==> dir [/usr/local/arm/5.4.0/usr/bin/../lib/gcc]
    arg [-L/usr/local/arm/5.4.0/usr/bin/../lib/gcc/arm-none-linux-gnueabi/5.4.0/../../../../arm-none-linux-gnueabi/lib] ==> dir [/usr/local/arm/5.4.0/usr/bin/../lib/gcc/arm-none-linux-gnueabi/5.4.0/../../../../arm-none-linux-gnueabi/lib]
    arg [-L/usr/local/arm/5.4.0/usr/arm-none-linux-gnueabi/sysroot/lib] ==> dir [/usr/local/arm/5.4.0/usr/arm-none-linux-gnueabi/sysroot/lib]
    arg [-L/usr/local/arm/5.4.0/usr/arm-none-linux-gnueabi/sysroot/usr/lib] ==> dir [/usr/local/arm/5.4.0/usr/arm-none-linux-gnueabi/sysroot/usr/lib]
    arg [CMakeFiles/cmTC_16725.dir/CMakeCCompilerABI.c.o] ==> ignore
    arg [-lgcc] ==> lib [gcc]
    arg [--as-needed] ==> ignore
    arg [-lgcc_s] ==> lib [gcc_s]
    arg [--no-as-needed] ==> ignore
    arg [-lc] ==> lib [c]
    arg [-lgcc] ==> lib [gcc]
    arg [--as-needed] ==> ignore
    arg [-lgcc_s] ==> lib [gcc_s]
    arg [--no-as-needed] ==> ignore
    arg [/usr/local/arm/5.4.0/usr/bin/../lib/gcc/arm-none-linux-gnueabi/5.4.0/crtend.o] ==> ignore
    arg [/usr/local/arm/5.4.0/usr/arm-none-linux-gnueabi/sysroot/usr/lib/crtn.o] ==> ignore
  collapse library dir [/usr/local/arm/5.4.0/usr/bin/../lib/gcc/arm-none-linux-gnueabi/5.4.0] ==> [/usr/local/arm/5.4.0/usr/lib/gcc/arm-none-linux-gnueabi/5.4.0]
  collapse library dir [/usr/local/arm/5.4.0/usr/bin/../lib/gcc] ==> [/usr/local/arm/5.4.0/usr/lib/gcc]
  collapse library dir [/usr/local/arm/5.4.0/usr/bin/../lib/gcc/arm-none-linux-gnueabi/5.4.0/../../../../arm-none-linux-gnueabi/lib] ==> [/usr/local/arm/5.4.0/usr/arm-none-linux-gnueabi/lib]
  collapse library dir [/usr/local/arm/5.4.0/usr/arm-none-linux-gnueabi/sysroot/lib] ==> [/usr/local/arm/5.4.0/usr/arm-none-linux-gnueabi/sysroot/lib]
  collapse library dir [/usr/local/arm/5.4.0/usr/arm-none-linux-gnueabi/sysroot/usr/lib] ==> [/usr/local/arm/5.4.0/usr/arm-none-linux-gnueabi/sysroot/usr/lib]
  implicit libs: [gcc;gcc_s;c;gcc;gcc_s]
  implicit dirs: [/usr/local/arm/5.4.0/usr/lib/gcc/arm-none-linux-gnueabi/5.4.0;/usr/local/arm/5.4.0/usr/lib/gcc;/usr/local/arm/5.4.0/usr/arm-none-linux-gnueabi/lib;/usr/local/arm/5.4.0/usr/arm-none-linux-gnueabi/sysroot/lib;/usr/local/arm/5.4.0/usr/arm-none-linux-gnueabi/sysroot/usr/lib]
  implicit fwks: []




Detecting C [-std=c11] compiler features compiled with the following output:
Change Dir: /home/china/xxx/音乐播放器/build/CMakeFiles/CMakeTmp

Run Build Command:"/usr/bin/make" "cmTC_9576b/fast"
/usr/bin/make -f CMakeFiles/cmTC_9576b.dir/build.make CMakeFiles/cmTC_9576b.dir/build
make[1]: 进入目录“/home/china/xxx/音乐播放器/build/CMakeFiles/CMakeTmp”
Building C object CMakeFiles/cmTC_9576b.dir/feature_tests.c.o
/usr/local/arm/5.4.0/usr/bin/arm-linux-gcc   -std=c11 -o CMakeFiles/cmTC_9576b.dir/feature_tests.c.o   -c /home/china/xxx/音乐播放器/build/CMakeFiles/feature_tests.c
Linking C executable cmTC_9576b
/usr/bin/cmake -E cmake_link_script CMakeFiles/cmTC_9576b.dir/link.txt --verbose=1
/usr/local/arm/5.4.0/usr/bin/arm-linux-gcc      -rdynamic CMakeFiles/cmTC_9576b.dir/feature_tests.c.o  -o cmTC_9576b 
make[1]: 离开目录“/home/china/xxx/音乐播放器/build/CMakeFiles/CMakeTmp”


    Feature record: C_FEATURE:1c_function_prototypes
    Feature record: C_FEATURE:1c_restrict
    Feature record: C_FEATURE:1c_static_assert
    Feature record: C_FEATURE:1c_variadic_macros


Detecting C [-std=c99] compiler features compiled with the following output:
Change Dir: /home/china/xxx/音乐播放器/build/CMakeFiles/CMakeTmp

Run Build Command:"/usr/bin/make" "cmTC_e5fa3/fast"
/usr/bin/make -f CMakeFiles/cmTC_e5fa3.dir/build.make CMakeFiles/cmTC_e5fa3.dir/build
make[1]: 进入目录“/home/china/xxx/音乐播放器/build/CMakeFiles/CMakeTmp”
Building C object CMakeFiles/cmTC_e5fa3.dir/feature_tests.c.o
/usr/local/arm/5.4.0/usr/bin/arm-linux-gcc   -std=c99 -o CMakeFiles/cmTC_e5fa3.dir/feature_tests.c.o   -c /home/china/xxx/音乐播放器/build/CMakeFiles/feature_tests.c
Linking C executable cmTC_e5fa3
/usr/bin/cmake -E cmake_link_script CMakeFiles/cmTC_e5fa3.dir/link.txt --verbose=1
/usr/local/arm/5.4.0/usr/bin/arm-linux-gcc      -rdynamic CMakeFiles/cmTC_e5fa3.dir/feature_tests.c.o  -o cmTC_e5fa3 
make[1]: 离开目录“/home/china/xxx/音乐播放器/build/CMakeFiles/CMakeTmp”


    Feature record: C_FEATURE:1c_function_prototypes
    Feature record: C_FEATURE:1c_restrict
    Feature record: C_FEATURE:0c_static_assert
    Feature record: C_FEATURE:1c_variadic_macros


Detecting C [-std=c90] compiler features compiled with the following output:
Change Dir: /home/china/xxx/音乐播放器/build/CMakeFiles/CMakeTmp

Run Build Command:"/usr/bin/make" "cmTC_54b9b/fast"
/usr/bin/make -f CMakeFiles/cmTC_54b9b.dir/build.make CMakeFiles/cmTC_54b9b.dir/build
make[1]: 进入目录“/home/china/xxx/音乐播放器/build/CMakeFiles/CMakeTmp”
Building C object CMakeFiles/cmTC_54b9b.dir/feature_tests.c.o
/usr/local/arm/5.4.0/usr/bin/arm-linux-gcc   -std=c90 -o CMakeFiles/cmTC_54b9b.dir/feature_tests.c.o   -c /home/china/xxx/音乐播放器/build/CMakeFiles/feature_tests.c
Linking C executable cmTC_54b9b
/usr/bin/cmake -E cmake_link_script CMakeFiles/cmTC_54b9b.dir/link.txt --verbose=1
/usr/local/arm/5.4.0/usr/bin/arm-linux-gcc      -rdynamic CMakeFiles/cmTC_54b9b.dir/feature_tests.c.o  -o cmTC_54b9b 
make[1]: 离开目录“/home/china/xxx/音乐播放器/build/CMakeFiles/CMakeTmp”


    Feature record: C_FEATURE:1c_function_prototypes
    Feature record: C_FEATURE:0c_restrict
    Feature record: C_FEATURE:0c_static_assert
    Feature record: C_FEATURE:0c_variadic_macros
Determining if the CXX compiler works passed with the following output:
Change Dir: /home/china/xxx/音乐播放器/build/CMakeFiles/CMakeTmp

Run Build Command:"/usr/bin/make" "cmTC_4a550/fast"
/usr/bin/make -f CMakeFiles/cmTC_4a550.dir/build.make CMakeFiles/cmTC_4a550.dir/build
make[1]: 进入目录“/home/china/xxx/音乐播放器/build/CMakeFiles/CMakeTmp”
Building CXX object CMakeFiles/cmTC_4a550.dir/testCXXCompiler.cxx.o
/usr/local/arm/5.4.0/usr/bin/arm-linux-g++     -o CMakeFiles/cmTC_4a550.dir/testCXXCompiler.cxx.o -c /home/china/xxx/音乐播放器/build/CMakeFiles/CMakeTmp/testCXXCompiler.cxx
Linking CXX executable cmTC_4a550
/usr/bin/cmake -E cmake_link_script CMakeFiles/cmTC_4a550.dir/link.txt --verbose=1
/usr/local/arm/5.4.0/usr/bin/arm-linux-g++       -rdynamic CMakeFiles/cmTC_4a550.dir/testCXXCompiler.cxx.o  -o cmTC_4a550 
make[1]: 离开目录“/home/china/xxx/音乐播放器/build/CMakeFiles/CMakeTmp”


Detecting CXX compiler ABI info compiled with the following output:
Change Dir: /home/china/xxx/音乐播放器/build/CMakeFiles/CMakeTmp

Run Build Command:"/usr/bin/make" "cmTC_d00f1/fast"
/usr/bin/make -f CMakeFiles/cmTC_d00f1.dir/build.make CMakeFiles/cmTC_d00f1.dir/build
make[1]: 进入目录“/home/china/xxx/音乐播放器/build/CMakeFiles/CMakeTmp”
Building CXX object CMakeFiles/cmTC_d00f1.dir/CMakeCXXCompilerABI.cpp.o
/usr/local/arm/5.4.0/usr/bin/arm-linux-g++     -o CMakeFiles/cmTC_d00f1.dir/CMakeCXXCompilerABI.cpp.o -c /usr/share/cmake-3.10/Modules/CMakeCXXCompilerABI.cpp
Linking CXX executable cmTC_d00f1
/usr/bin/cmake -E cmake_link_script CMakeFiles/cmTC_d00f1.dir/link.txt --verbose=1
/usr/local/arm/5.4.0/usr/bin/arm-linux-g++      -v -rdynamic CMakeFiles/cmTC_d00f1.dir/CMakeCXXCompilerABI.cpp.o  -o cmTC_d00f1 
使用内建 specs。
COLLECT_GCC=/usr/local/arm/5.4.0/usr/bin/arm-linux-g++.br_real
COLLECT_LTO_WRAPPER=/usr/local/arm/5.4.0/usr/bin/../libexec/gcc/arm-none-linux-gnueabi/5.4.0/lto-wrapper
目标：arm-none-linux-gnueabi
配置为：./configure --prefix=/home/geclab/buildroot-2016.11/output/host/usr --sysconfdir=/home/geclab/buildroot-2016.11/output/host/etc --enable-static --target=arm-none-linux-gnueabi --with-sysroot=/home/geclab/buildroot-2016.11/output/host/usr/arm-none-linux-gnueabi/sysroot --disable-__cxa_atexit --with-gnu-ld --disable-libssp --disable-multilib --with-gmp=/home/geclab/buildroot-2016.11/output/host/usr --with-mpc=/home/geclab/buildroot-2016.11/output/host/usr --with-mpfr=/home/geclab/buildroot-2016.11/output/host/usr --with-pkgversion='Buildroot 2016.11' --with-bugurl=http://bugs.buildroot.net/ --disable-libquadmath --enable-tls --disable-libmudflap --enable-threads --without-isl --without-cloog --with-float=soft --disable-decimal-float --with-abi=aapcs-linux --with-cpu=cortex-a15 --with-float=soft --with-mode=arm --enable-languages=c,c++,fortran --with-build-time-tools=/home/geclab/buildroot-2016.11/output/host/usr/arm-none-linux-gnueabi/bin --enable-shared --disable-libgomp
线程模型：posix
gcc 版本 5.4.0 (Buildroot 2016.11) 
COMPILER_PATH=/usr/local/arm/5.4.0/usr/bin/../libexec/gcc/arm-none-linux-gnueabi/5.4.0/:/usr/local/arm/5.4.0/usr/bin/../libexec/gcc/:/usr/local/arm/5.4.0/usr/bin/../lib/gcc/arm-none-linux-gnueabi/5.4.0/../../../../arm-none-linux-gnueabi/bin/
LIBRARY_PATH=/usr/local/arm/5.4.0/usr/bin/../lib/gcc/arm-none-linux-gnueabi/5.4.0/:/usr/local/arm/5.4.0/usr/bin/../lib/gcc/:/usr/local/arm/5.4.0/usr/bin/../lib/gcc/arm-none-linux-gnueabi/5.4.0/../../../../arm-none-linux-gnueabi/lib/:/usr/local/arm/5.4.0/usr/arm-none-linux-gnueabi/sysroot/lib/:/usr/local/arm/5.4.0/usr/arm-none-linux-gnueabi/sysroot/usr/lib/
COLLECT_GCC_OPTIONS='-v' '-rdynamic' '-o' 'cmTC_d00f1' '-shared-libgcc' '-mcpu=cortex-a15' '-mfloat-abi=soft' '-mabi=aapcs-linux' '-marm' '-mtls-dialect=gnu'
 /usr/local/arm/5.4.0/usr/bin/../libexec/gcc/arm-none-linux-gnueabi/5.4.0/collect2 -plugin /usr/local/arm/5.4.0/usr/bin/../libexec/gcc/arm-none-linux-gnueabi/5.4.0/liblto_plugin.so -plugin-opt=/usr/local/arm/5.4.0/usr/bin/../libexec/gcc/arm-none-linux-gnueabi/5.4.0/lto-wrapper -plugin-opt=-fresolution=/tmp/ccP4qKIL.res -plugin-opt=-pass-through=-lgcc_s -plugin-opt=-pass-through=-lgcc -plugin-opt=-pass-through=-lc -plugin-opt=-pass-through=-lgcc_s -plugin-opt=-pass-through=-lgcc --sysroot=/usr/local/arm/5.4.0/usr/arm-none-linux-gnueabi/sysroot --eh-frame-hdr -export-dynamic -dynamic-linker /lib/ld-linux.so.3 -X -m armelf_linux_eabi -o cmTC_d00f1 /usr/local/arm/5.4.0/usr/arm-none-linux-gnueabi/sysroot/usr/lib/crt1.o /usr/local/arm/5.4.0/usr/arm-none-linux-gnueabi/sysroot/usr/lib/crti.o /usr/local/arm/5.4.0/usr/bin/../lib/gcc/arm-none-linux-gnueabi/5.4.0/crtbegin.o -L/usr/local/arm/5.4.0/usr/bin/../lib/gcc/arm-none-linux-gnueabi/5.4.0 -L/usr/local/arm/5.4.0/usr/bin/../lib/gcc -L/usr/local/arm/5.4.0/usr/bin/../lib/gcc/arm-none-linux-gnueabi/5.4.0/../../../../arm-none-linux-gnueabi/lib -L/usr/local/arm/5.4.0/usr/arm-none-linux-gnueabi/sysroot/lib -L/usr/local/arm/5.4.0/usr/arm-none-linux-gnueabi/sysroot/usr/lib CMakeFiles/cmTC_d00f1.dir/CMakeCXXCompilerABI.cpp.o -lstdc++ -lm -lgcc_s -lgcc -lc -lgcc_s -lgcc /usr/local/arm/5.4.0/usr/bin/../lib/gcc/arm-none-linux-gnueabi/5.4.0/crtend.o /usr/local/arm/5.4.0/usr/arm-none-linux-gnueabi/sysroot/usr/lib/crtn.o
make[1]: 离开目录“/home/china/xxx/音乐播放器/build/CMakeFiles/CMakeTmp”


Parsed CXX implicit link information from above output:
  link line regex: [^( *|.*[/\])(ld|CMAKE_LINK_STARTFILE-NOTFOUND|([^/\]+-)?ld|collect2)[^/\]*( |$)]
  ignore line: [Change Dir: /home/china/xxx/音乐播放器/build/CMakeFiles/CMakeTmp]
  ignore line: []
  ignore line: [Run Build Command:"/usr/bin/make" "cmTC_d00f1/fast"]
  ignore line: [/usr/bin/make -f CMakeFiles/cmTC_d00f1.dir/build.make CMakeFiles/cmTC_d00f1.dir/build]
  ignore line: [make[1]: 进入目录“/home/china/xxx/音乐播放器/build/CMakeFiles/CMakeTmp”]
  ignore line: [Building CXX object CMakeFiles/cmTC_d00f1.dir/CMakeCXXCompilerABI.cpp.o]
  ignore line: [/usr/local/arm/5.4.0/usr/bin/arm-linux-g++     -o CMakeFiles/cmTC_d00f1.dir/CMakeCXXCompilerABI.cpp.o -c /usr/share/cmake-3.10/Modules/CMakeCXXCompilerABI.cpp]
  ignore line: [Linking CXX executable cmTC_d00f1]
  ignore line: [/usr/bin/cmake -E cmake_link_script CMakeFiles/cmTC_d00f1.dir/link.txt --verbose=1]
  ignore line: [/usr/local/arm/5.4.0/usr/bin/arm-linux-g++      -v -rdynamic CMakeFiles/cmTC_d00f1.dir/CMakeCXXCompilerABI.cpp.o  -o cmTC_d00f1 ]
  ignore line: [使用内建 specs。]
  ignore line: [COLLECT_GCC=/usr/local/arm/5.4.0/usr/bin/arm-linux-g++.br_real]
  ignore line: [COLLECT_LTO_WRAPPER=/usr/local/arm/5.4.0/usr/bin/../libexec/gcc/arm-none-linux-gnueabi/5.4.0/lto-wrapper]
  ignore line: [目标：arm-none-linux-gnueabi]
  ignore line: [配置为：./configure --prefix=/home/geclab/buildroot-2016.11/output/host/usr --sysconfdir=/home/geclab/buildroot-2016.11/output/host/etc --enable-static --target=arm-none-linux-gnueabi --with-sysroot=/home/geclab/buildroot-2016.11/output/host/usr/arm-none-linux-gnueabi/sysroot --disable-__cxa_atexit --with-gnu-ld --disable-libssp --disable-multilib --with-gmp=/home/geclab/buildroot-2016.11/output/host/usr --with-mpc=/home/geclab/buildroot-2016.11/output/host/usr --with-mpfr=/home/geclab/buildroot-2016.11/output/host/usr --with-pkgversion='Buildroot 2016.11' --with-bugurl=http://bugs.buildroot.net/ --disable-libquadmath --enable-tls --disable-libmudflap --enable-threads --without-isl --without-cloog --with-float=soft --disable-decimal-float --with-abi=aapcs-linux --with-cpu=cortex-a15 --with-float=soft --with-mode=arm --enable-languages=c,c++,fortran --with-build-time-tools=/home/geclab/buildroot-2016.11/output/host/usr/arm-none-linux-gnueabi/bin --enable-shared --disable-libgomp]
  ignore line: [线程模型：posix]
  ignore line: [gcc 版本 5.4.0 (Buildroot 2016.11) ]
  ignore line: [COMPILER_PATH=/usr/local/arm/5.4.0/usr/bin/../libexec/gcc/arm-none-linux-gnueabi/5.4.0/:/usr/local/arm/5.4.0/usr/bin/../libexec/gcc/:/usr/local/arm/5.4.0/usr/bin/../lib/gcc/arm-none-linux-gnueabi/5.4.0/../../../../arm-none-linux-gnueabi/bin/]
  ignore line: [LIBRARY_PATH=/usr/local/arm/5.4.0/usr/bin/../lib/gcc/arm-none-linux-gnueabi/5.4.0/:/usr/local/arm/5.4.0/usr/bin/../lib/gcc/:/usr/local/arm/5.4.0/usr/bin/../lib/gcc/arm-none-linux-gnueabi/5.4.0/../../../../arm-none-linux-gnueabi/lib/:/usr/local/arm/5.4.0/usr/arm-none-linux-gnueabi/sysroot/lib/:/usr/local/arm/5.4.0/usr/arm-none-linux-gnueabi/sysroot/usr/lib/]
  ignore line: [COLLECT_GCC_OPTIONS='-v' '-rdynamic' '-o' 'cmTC_d00f1' '-shared-libgcc' '-mcpu=cortex-a15' '-mfloat-abi=soft' '-mabi=aapcs-linux' '-marm' '-mtls-dialect=gnu']
  link line: [ /usr/local/arm/5.4.0/usr/bin/../libexec/gcc/arm-none-linux-gnueabi/5.4.0/collect2 -plugin /usr/local/arm/5.4.0/usr/bin/../libexec/gcc/arm-none-linux-gnueabi/5.4.0/liblto_plugin.so -plugin-opt=/usr/local/arm/5.4.0/usr/bin/../libexec/gcc/arm-none-linux-gnueabi/5.4.0/lto-wrapper -plugin-opt=-fresolution=/tmp/ccP4qKIL.res -plugin-opt=-pass-through=-lgcc_s -plugin-opt=-pass-through=-lgcc -plugin-opt=-pass-through=-lc -plugin-opt=-pass-through=-lgcc_s -plugin-opt=-pass-through=-lgcc --sysroot=/usr/local/arm/5.4.0/usr/arm-none-linux-gnueabi/sysroot --eh-frame-hdr -export-dynamic -dynamic-linker /lib/ld-linux.so.3 -X -m armelf_linux_eabi -o cmTC_d00f1 /usr/local/arm/5.4.0/usr/arm-none-linux-gnueabi/sysroot/usr/lib/crt1.o /usr/local/arm/5.4.0/usr/arm-none-linux-gnueabi/sysroot/usr/lib/crti.o /usr/local/arm/5.4.0/usr/bin/../lib/gcc/arm-none-linux-gnueabi/5.4.0/crtbegin.o -L/usr/local/arm/5.4.0/usr/bin/../lib/gcc/arm-none-linux-gnueabi/5.4.0 -L/usr/local/arm/5.4.0/usr/bin/../lib/gcc -L/usr/local/arm/5.4.0/usr/bin/../lib/gcc/arm-none-linux-gnueabi/5.4.0/../../../../arm-none-linux-gnueabi/lib -L/usr/local/arm/5.4.0/usr/arm-none-linux-gnueabi/sysroot/lib -L/usr/local/arm/5.4.0/usr/arm-none-linux-gnueabi/sysroot/usr/lib CMakeFiles/cmTC_d00f1.dir/CMakeCXXCompilerABI.cpp.o -lstdc++ -lm -lgcc_s -lgcc -lc -lgcc_s -lgcc /usr/local/arm/5.4.0/usr/bin/../lib/gcc/arm-none-linux-gnueabi/5.4.0/crtend.o /usr/local/arm/5.4.0/usr/arm-none-linux-gnueabi/sysroot/usr/lib/crtn.o]
    arg [/usr/local/arm/5.4.0/usr/bin/../libexec/gcc/arm-none-linux-gnueabi/5.4.0/collect2] ==> ignore
    arg [-plugin] ==> ignore
    arg [/usr/local/arm/5.4.0/usr/bin/../libexec/gcc/arm-none-linux-gnueabi/5.4.0/liblto_plugin.so] ==> ignore
    arg [-plugin-opt=/usr/local/arm/5.4.0/usr/bin/../libexec/gcc/arm-none-linux-gnueabi/5.4.0/lto-wrapper] ==> ignore
    arg [-plugin-opt=-fresolution=/tmp/ccP4qKIL.res] ==> ignore
    arg [-plugin-opt=-pass-through=-lgcc_s] ==> ignore
    arg [-plugin-opt=-pass-through=-lgcc] ==> ignore
    arg [-plugin-opt=-pass-through=-lc] ==> ignore
    arg [-plugin-opt=-pass-through=-lgcc_s] ==> ignore
    arg [-plugin-opt=-pass-through=-lgcc] ==> ignore
    arg [--sysroot=/usr/local/arm/5.4.0/usr/arm-none-linux-gnueabi/sysroot] ==> ignore
    arg [--eh-frame-hdr] ==> ignore
    arg [-export-dynamic] ==> ignore
    arg [-dynamic-linker] ==> ignore
    arg [/lib/ld-linux.so.3] ==> ignore
    arg [-X] ==> ignore
    arg [-m] ==> ignore
    arg [armelf_linux_eabi] ==> ignore
    arg [-o] ==> ignore
    arg [cmTC_d00f1] ==> ignore
    arg [/usr/local/arm/5.4.0/usr/arm-none-linux-gnueabi/sysroot/usr/lib/crt1.o] ==> ignore
    arg [/usr/local/arm/5.4.0/usr/arm-none-linux-gnueabi/sysroot/usr/lib/crti.o] ==> ignore
    arg [/usr/local/arm/5.4.0/usr/bin/../lib/gcc/arm-none-linux-gnueabi/5.4.0/crtbegin.o] ==> ignore
    arg [-L/usr/local/arm/5.4.0/usr/bin/../lib/gcc/arm-none-linux-gnueabi/5.4.0] ==> dir [/usr/local/arm/5.4.0/usr/bin/../lib/gcc/arm-none-linux-gnueabi/5.4.0]
    arg [-L/usr/local/arm/5.4.0/usr/bin/../lib/gcc] ==> dir [/usr/local/arm/5.4.0/usr/bin/../lib/gcc]
    arg [-L/usr/local/arm/5.4.0/usr/bin/../lib/gcc/arm-none-linux-gnueabi/5.4.0/../../../../arm-none-linux-gnueabi/lib] ==> dir [/usr/local/arm/5.4.0/usr/bin/../lib/gcc/arm-none-linux-gnueabi/5.4.0/../../../../arm-none-linux-gnueabi/lib]
    arg [-L/usr/local/arm/5.4.0/usr/arm-none-linux-gnueabi/sysroot/lib] ==> dir [/usr/local/arm/5.4.0/usr/arm-none-linux-gnueabi/sysroot/lib]
    arg [-L/usr/local/arm/5.4.0/usr/arm-none-linux-gnueabi/sysroot/usr/lib] ==> dir [/usr/local/arm/5.4.0/usr/arm-none-linux-gnueabi/sysroot/usr/lib]
    arg [CMakeFiles/cmTC_d00f1.dir/CMakeCXXCompilerABI.cpp.o] ==> ignore
    arg [-lstdc++] ==> lib [stdc++]
    arg [-lm] ==> lib [m]
    arg [-lgcc_s] ==> lib [gcc_s]
    arg [-lgcc] ==> lib [gcc]
    arg [-lc] ==> lib [c]
    arg [-lgcc_s] ==> lib [gcc_s]
    arg [-lgcc] ==> lib [gcc]
    arg [/usr/local/arm/5.4.0/usr/bin/../lib/gcc/arm-none-linux-gnueabi/5.4.0/crtend.o] ==> ignore
    arg [/usr/local/arm/5.4.0/usr/arm-none-linux-gnueabi/sysroot/usr/lib/crtn.o] ==> ignore
  collapse library dir [/usr/local/arm/5.4.0/usr/bin/../lib/gcc/arm-none-linux-gnueabi/5.4.0] ==> [/usr/local/arm/5.4.0/usr/lib/gcc/arm-none-linux-gnueabi/5.4.0]
  collapse library dir [/usr/local/arm/5.4.0/usr/bin/../lib/gcc] ==> [/usr/local/arm/5.4.0/usr/lib/gcc]
  collapse library dir [/usr/local/arm/5.4.0/usr/bin/../lib/gcc/arm-none-linux-gnueabi/5.4.0/../../../../arm-none-linux-gnueabi/lib] ==> [/usr/local/arm/5.4.0/usr/arm-none-linux-gnueabi/lib]
  collapse library dir [/usr/local/arm/5.4.0/usr/arm-none-linux-gnueabi/sysroot/lib] ==> [/usr/local/arm/5.4.0/usr/arm-none-linux-gnueabi/sysroot/lib]
  collapse library dir [/usr/local/arm/5.4.0/usr/arm-none-linux-gnueabi/sysroot/usr/lib] ==> [/usr/local/arm/5.4.0/usr/arm-none-linux-gnueabi/sysroot/usr/lib]
  implicit libs: [stdc++;m;gcc_s;gcc;c;gcc_s;gcc]
  implicit dirs: [/usr/local/arm/5.4.0/usr/lib/gcc/arm-none-linux-gnueabi/5.4.0;/usr/local/arm/5.4.0/usr/lib/gcc;/usr/local/arm/5.4.0/usr/arm-none-linux-gnueabi/lib;/usr/local/arm/5.4.0/usr/arm-none-linux-gnueabi/sysroot/lib;/usr/local/arm/5.4.0/usr/arm-none-linux-gnueabi/sysroot/usr/lib]
  implicit fwks: []




Detecting CXX [-std=c++1z] compiler features compiled with the following output:
Change Dir: /home/china/xxx/音乐播放器/build/CMakeFiles/CMakeTmp

Run Build Command:"/usr/bin/make" "cmTC_ddac1/fast"
/usr/bin/make -f CMakeFiles/cmTC_ddac1.dir/build.make CMakeFiles/cmTC_ddac1.dir/build
make[1]: 进入目录“/home/china/xxx/音乐播放器/build/CMakeFiles/CMakeTmp”
Building CXX object CMakeFiles/cmTC_ddac1.dir/feature_tests.cxx.o
/usr/local/arm/5.4.0/usr/bin/arm-linux-g++    -std=c++1z -o CMakeFiles/cmTC_ddac1.dir/feature_tests.cxx.o -c /home/china/xxx/音乐播放器/build/CMakeFiles/feature_tests.cxx
Linking CXX executable cmTC_ddac1
/usr/bin/cmake -E cmake_link_script CMakeFiles/cmTC_ddac1.dir/link.txt --verbose=1
/usr/local/arm/5.4.0/usr/bin/arm-linux-g++       -rdynamic CMakeFiles/cmTC_ddac1.dir/feature_tests.cxx.o  -o cmTC_ddac1 
make[1]: 离开目录“/home/china/xxx/音乐播放器/build/CMakeFiles/CMakeTmp”


    Feature record: CXX_FEATURE:1cxx_aggregate_default_initializers
    Feature record: CXX_FEATURE:1cxx_alias_templates
    Feature record: CXX_FEATURE:1cxx_alignas
    Feature record: CXX_FEATURE:1cxx_alignof
    Feature record: CXX_FEATURE:1cxx_attributes
    Feature record: CXX_FEATURE:1cxx_attribute_deprecated
    Feature record: CXX_FEATURE:1cxx_auto_type
    Feature record: CXX_FEATURE:1cxx_binary_literals
    Feature record: CXX_FEATURE:1cxx_constexpr
    Feature record: CXX_FEATURE:1cxx_contextual_conversions
    Feature record: CXX_FEATURE:1cxx_decltype
    Feature record: CXX_FEATURE:1cxx_decltype_auto
    Feature record: CXX_FEATURE:1cxx_decltype_incomplete_return_types
    Feature record: CXX_FEATURE:1cxx_default_function_template_args
    Feature record: CXX_FEATURE:1cxx_defaulted_functions
    Feature record: CXX_FEATURE:1cxx_defaulted_move_initializers
    Feature record: CXX_FEATURE:1cxx_delegating_constructors
    Feature record: CXX_FEATURE:1cxx_deleted_functions
    Feature record: CXX_FEATURE:1cxx_digit_separators
    Feature record: CXX_FEATURE:1cxx_enum_forward_declarations
    Feature record: CXX_FEATURE:1cxx_explicit_conversions
    Feature record: CXX_FEATURE:1cxx_extended_friend_declarations
    Feature record: CXX_FEATURE:1cxx_extern_templates
    Feature record: CXX_FEATURE:1cxx_final
    Feature record: CXX_FEATURE:1cxx_func_identifier
    Feature record: CXX_FEATURE:1cxx_generalized_initializers
    Feature record: CXX_FEATURE:1cxx_generic_lambdas
    Feature record: CXX_FEATURE:1cxx_inheriting_constructors
    Feature record: CXX_FEATURE:1cxx_inline_namespaces
    Feature record: CXX_FEATURE:1cxx_lambdas
    Feature record: CXX_FEATURE:1cxx_lambda_init_captures
    Feature record: CXX_FEATURE:1cxx_local_type_template_args
    Feature record: CXX_FEATURE:1cxx_long_long_type
    Feature record: CXX_FEATURE:1cxx_noexcept
    Feature record: CXX_FEATURE:1cxx_nonstatic_member_init
    Feature record: CXX_FEATURE:1cxx_nullptr
    Feature record: CXX_FEATURE:1cxx_override
    Feature record: CXX_FEATURE:1cxx_range_for
    Feature record: CXX_FEATURE:1cxx_raw_string_literals
    Feature record: CXX_FEATURE:1cxx_reference_qualified_functions
    Feature record: CXX_FEATURE:1cxx_relaxed_constexpr
    Feature record: CXX_FEATURE:1cxx_return_type_deduction
    Feature record: CXX_FEATURE:1cxx_right_angle_brackets
    Feature record: CXX_FEATURE:1cxx_rvalue_references
    Feature record: CXX_FEATURE:1cxx_sizeof_member
    Feature record: CXX_FEATURE:1cxx_static_assert
    Feature record: CXX_FEATURE:1cxx_strong_enums
    Feature record: CXX_FEATURE:1cxx_template_template_parameters
    Feature record: CXX_FEATURE:1cxx_thread_local
    Feature record: CXX_FEATURE:1cxx_trailing_return_types
    Feature record: CXX_FEATURE:1cxx_unicode_literals
    Feature record: CXX_FEATURE:1cxx_uniform_initialization
    Feature record: CXX_FEATURE:1cxx_unrestricted_unions
    Feature record: CXX_FEATURE:1cxx_user_literals
    Feature record: CXX_FEATURE:1cxx_variable_templates
    Feature record: CXX_FEATURE:1cxx_variadic_macros
    Feature record: CXX_FEATURE:1cxx_variadic_templates


Detecting CXX [-std=c++14] compiler features compiled with the following output:
Change Dir: /home/china/xxx/音乐播放器/build/CMakeFiles/CMakeTmp

Run Build Command:"/usr/bin/make" "cmTC_d3cfe/fast"
/usr/bin/make -f CMakeFiles/cmTC_d3cfe.dir/build.make CMakeFiles/cmTC_d3cfe.dir/build
make[1]: 进入目录“/home/china/xxx/音乐播放器/build/CMakeFiles/CMakeTmp”
Building CXX object CMakeFiles/cmTC_d3cfe.dir/feature_tests.cxx.o
/usr/local/arm/5.4.0/usr/bin/arm-linux-g++    -std=c++14 -o CMakeFiles/cmTC_d3cfe.dir/feature_tests.cxx.o -c /home/china/xxx/音乐播放器/build/CMakeFiles/feature_tests.cxx
Linking CXX executable cmTC_d3cfe
/usr/bin/cmake -E cmake_link_script CMakeFiles/cmTC_d3cfe.dir/link.txt --verbose=1
/usr/local/arm/5.4.0/usr/bin/arm-linux-g++       -rdynamic CMakeFiles/cmTC_d3cfe.dir/feature_tests.cxx.o  -o cmTC_d3cfe 
make[1]: 离开目录“/home/china/xxx/音乐播放器/build/CMakeFiles/CMakeTmp”


    Feature record: CXX_FEATURE:1cxx_aggregate_default_initializers
    Feature record: CXX_FEATURE:1cxx_alias_templates
    Feature record: CXX_FEATURE:1cxx_alignas
    Feature record: CXX_FEATURE:1cxx_alignof
    Feature record: CXX_FEATURE:1cxx_attributes
    Feature record: CXX_FEATURE:1cxx_attribute_deprecated
    Feature record: CXX_FEATURE:1cxx_auto_type
    Feature record: CXX_FEATURE:1cxx_binary_literals
    Feature record: CXX_FEATURE:1cxx_constexpr
    Feature record: CXX_FEATURE:1cxx_contextual_conversions
    Feature record: CXX_FEATURE:1cxx_decltype
    Feature record: CXX_FEATURE:1cxx_decltype_auto
    Feature record: CXX_FEATURE:1cxx_decltype_incomplete_return_types
    Feature record: CXX_FEATURE:1cxx_default_function_template_args
    Feature record: CXX_FEATURE:1cxx_defaulted_functions
    Feature record: CXX_FEATURE:1cxx_defaulted_move_initializers
    Feature record: CXX_FEATURE:1cxx_delegating_constructors
    Feature record: CXX_FEATURE:1cxx_deleted_functions
    Feature record: CXX_FEATURE:1cxx_digit_separators
    Feature record: CXX_FEATURE:1cxx_enum_forward_declarations
    Feature record: CXX_FEATURE:1cxx_explicit_conversions
    Feature record: CXX_FEATURE:1cxx_extended_friend_declarations
    Feature record: CXX_FEATURE:1cxx_extern_templates
    Feature record: CXX_FEATURE:1cxx_final
    Feature record: CXX_FEATURE:1cxx_func_identifier
    Feature record: CXX_FEATURE:1cxx_generalized_initializers
    Feature record: CXX_FEATURE:1cxx_generic_lambdas
    Feature record: CXX_FEATURE:1cxx_inheriting_constructors
    Feature record: CXX_FEATURE:1cxx_inline_namespaces
    Feature record: CXX_FEATURE:1cxx_lambdas
    Feature record: CXX_FEATURE:1cxx_lambda_init_captures
    Feature record: CXX_FEATURE:1cxx_local_type_template_args
    Feature record: CXX_FEATURE:1cxx_long_long_type
    Feature record: CXX_FEATURE:1cxx_noexcept
    Feature record: CXX_FEATURE:1cxx_nonstatic_member_init
    Feature record: CXX_FEATURE:1cxx_nullptr
    Feature record: CXX_FEATURE:1cxx_override
    Feature record: CXX_FEATURE:1cxx_range_for
    Feature record: CXX_FEATURE:1cxx_raw_string_literals
    Feature record: CXX_FEATURE:1cxx_reference_qualified_functions
    Feature record: CXX_FEATURE:1cxx_relaxed_constexpr
    Feature record: CXX_FEATURE:1cxx_return_type_deduction
    Feature record: CXX_FEATURE:1cxx_right_angle_brackets
    Feature record: CXX_FEATURE:1cxx_rvalue_references
    Feature record: CXX_FEATURE:1cxx_sizeof_member
    Feature record: CXX_FEATURE:1cxx_static_assert
    Feature record: CXX_FEATURE:1cxx_strong_enums
    Feature record: CXX_FEATURE:1cxx_template_template_parameters
    Feature record: CXX_FEATURE:1cxx_thread_local
    Feature record: CXX_FEATURE:1cxx_trailing_return_types
    Feature record: CXX_FEATURE:1cxx_unicode_literals
    Feature record: CXX_FEATURE:1cxx_uniform_initialization
    Feature record: CXX_FEATURE:1cxx_unrestricted_unions
    Feature record: CXX_FEATURE:1cxx_user_literals
    Feature record: CXX_FEATURE:1cxx_variable_templates
    Feature record: CXX_FEATURE:1cxx_variadic_macros
    Feature record: CXX_FEATURE:1cxx_variadic_templates


Detecting CXX [-std=c++11] compiler features compiled with the following output:
Change Dir: /home/china/xxx/音乐播放器/build/CMakeFiles/CMakeTmp

Run Build Command:"/usr/bin/make" "cmTC_d9f69/fast"
/usr/bin/make -f CMakeFiles/cmTC_d9f69.dir/build.make CMakeFiles/cmTC_d9f69.dir/build
make[1]: 进入目录“/home/china/xxx/音乐播放器/build/CMakeFiles/CMakeTmp”
Building CXX object CMakeFiles/cmTC_d9f69.dir/feature_tests.cxx.o
/usr/local/arm/5.4.0/usr/bin/arm-linux-g++    -std=c++11 -o CMakeFiles/cmTC_d9f69.dir/feature_tests.cxx.o -c /home/china/xxx/音乐播放器/build/CMakeFiles/feature_tests.cxx
Linking CXX executable cmTC_d9f69
/usr/bin/cmake -E cmake_link_script CMakeFiles/cmTC_d9f69.dir/link.txt --verbose=1
/usr/local/arm/5.4.0/usr/bin/arm-linux-g++       -rdynamic CMakeFiles/cmTC_d9f69.dir/feature_tests.cxx.o  -o cmTC_d9f69 
make[1]: 离开目录“/home/china/xxx/音乐播放器/build/CMakeFiles/CMakeTmp”


    Feature record: CXX_FEATURE:0cxx_aggregate_default_initializers
    Feature record: CXX_FEATURE:1cxx_alias_templates
    Feature record: CXX_FEATURE:1cxx_alignas
    Feature record: CXX_FEATURE:1cxx_alignof
    Feature record: CXX_FEATURE:1cxx_attributes
    Feature record: CXX_FEATURE:0cxx_attribute_deprecated
    Feature record: CXX_FEATURE:1cxx_auto_type
    Feature record: CXX_FEATURE:0cxx_binary_literals
    Feature record: CXX_FEATURE:1cxx_constexpr
    Feature record: CXX_FEATURE:0cxx_contextual_conversions
    Feature record: CXX_FEATURE:1cxx_decltype
    Feature record: CXX_FEATURE:0cxx_decltype_auto
    Feature record: CXX_FEATURE:1cxx_decltype_incomplete_return_types
    Feature record: CXX_FEATURE:1cxx_default_function_template_args
    Feature record: CXX_FEATURE:1cxx_defaulted_functions
    Feature record: CXX_FEATURE:1cxx_defaulted_move_initializers
    Feature record: CXX_FEATURE:1cxx_delegating_constructors
    Feature record: CXX_FEATURE:1cxx_deleted_functions
    Feature record: CXX_FEATURE:0cxx_digit_separators
    Feature record: CXX_FEATURE:1cxx_enum_forward_declarations
    Feature record: CXX_FEATURE:1cxx_explicit_conversions
    Feature record: CXX_FEATURE:1cxx_extended_friend_declarations
    Feature record: CXX_FEATURE:1cxx_extern_templates
    Feature record: CXX_FEATURE:1cxx_final
    Feature record: CXX_FEATURE:1cxx_func_identifier
    Feature record: CXX_FEATURE:1cxx_generalized_initializers
    Feature record: CXX_FEATURE:0cxx_generic_lambdas
    Feature record: CXX_FEATURE:1cxx_inheriting_constructors
    Feature record: CXX_FEATURE:1cxx_inline_namespaces
    Feature record: CXX_FEATURE:1cxx_lambdas
    Feature record: CXX_FEATURE:0cxx_lambda_init_captures
    Feature record: CXX_FEATURE:1cxx_local_type_template_args
    Feature record: CXX_FEATURE:1cxx_long_long_type
    Feature record: CXX_FEATURE:1cxx_noexcept
    Feature record: CXX_FEATURE:1cxx_nonstatic_member_init
    Feature record: CXX_FEATURE:1cxx_nullptr
    Feature record: CXX_FEATURE:1cxx_override
    Feature record: CXX_FEATURE:1cxx_range_for
    Feature record: CXX_FEATURE:1cxx_raw_string_literals
    Feature record: CXX_FEATURE:1cxx_reference_qualified_functions
    Feature record: CXX_FEATURE:0cxx_relaxed_constexpr
    Feature record: CXX_FEATURE:0cxx_return_type_deduction
    Feature record: CXX_FEATURE:1cxx_right_angle_brackets
    Feature record: CXX_FEATURE:1cxx_rvalue_references
    Feature record: CXX_FEATURE:1cxx_sizeof_member
    Feature record: CXX_FEATURE:1cxx_static_assert
    Feature record: CXX_FEATURE:1cxx_strong_enums
    Feature record: CXX_FEATURE:1cxx_template_template_parameters
    Feature record: CXX_FEATURE:1cxx_thread_local
    Feature record: CXX_FEATURE:1cxx_trailing_return_types
    Feature record: CXX_FEATURE:1cxx_unicode_literals
    Feature record: CXX_FEATURE:1cxx_uniform_initialization
    Feature record: CXX_FEATURE:1cxx_unrestricted_unions
    Feature record: CXX_FEATURE:1cxx_user_literals
    Feature record: CXX_FEATURE:0cxx_variable_templates
    Feature record: CXX_FEATURE:1cxx_variadic_macros
    Feature record: CXX_FEATURE:1cxx_variadic_templates


Detecting CXX [-std=c++98] compiler features compiled with the following output:
Change Dir: /home/china/xxx/音乐播放器/build/CMakeFiles/CMakeTmp

Run Build Command:"/usr/bin/make" "cmTC_6936c/fast"
/usr/bin/make -f CMakeFiles/cmTC_6936c.dir/build.make CMakeFiles/cmTC_6936c.dir/build
make[1]: 进入目录“/home/china/xxx/音乐播放器/build/CMakeFiles/CMakeTmp”
Building CXX object CMakeFiles/cmTC_6936c.dir/feature_tests.cxx.o
/usr/local/arm/5.4.0/usr/bin/arm-linux-g++    -std=c++98 -o CMakeFiles/cmTC_6936c.dir/feature_tests.cxx.o -c /home/china/xxx/音乐播放器/build/CMakeFiles/feature_tests.cxx
Linking CXX executable cmTC_6936c
/usr/bin/cmake -E cmake_link_script CMakeFiles/cmTC_6936c.dir/link.txt --verbose=1
/usr/local/arm/5.4.0/usr/bin/arm-linux-g++       -rdynamic CMakeFiles/cmTC_6936c.dir/feature_tests.cxx.o  -o cmTC_6936c 
make[1]: 离开目录“/home/china/xxx/音乐播放器/build/CMakeFiles/CMakeTmp”


    Feature record: CXX_FEATURE:0cxx_aggregate_default_initializers
    Feature record: CXX_FEATURE:0cxx_alias_templates
    Feature record: CXX_FEATURE:0cxx_alignas
    Feature record: CXX_FEATURE:0cxx_alignof
    Feature record: CXX_FEATURE:0cxx_attributes
    Feature record: CXX_FEATURE:0cxx_attribute_deprecated
    Feature record: CXX_FEATURE:0cxx_auto_type
    Feature record: CXX_FEATURE:0cxx_binary_literals
    Feature record: CXX_FEATURE:0cxx_constexpr
    Feature record: CXX_FEATURE:0cxx_contextual_conversions
    Feature record: CXX_FEATURE:0cxx_decltype
    Feature record: CXX_FEATURE:0cxx_decltype_auto
    Feature record: CXX_FEATURE:0cxx_decltype_incomplete_return_types
    Feature record: CXX_FEATURE:0cxx_default_function_template_args
    Feature record: CXX_FEATURE:0cxx_defaulted_functions
    Feature record: CXX_FEATURE:0cxx_defaulted_move_initializers
    Feature record: CXX_FEATURE:0cxx_delegating_constructors
    Feature record: CXX_FEATURE:0cxx_deleted_functions
    Feature record: CXX_FEATURE:0cxx_digit_separators
    Feature record: CXX_FEATURE:0cxx_enum_forward_declarations
    Feature record: CXX_FEATURE:0cxx_explicit_conversions
    Feature record: CXX_FEATURE:0cxx_extended_friend_declarations
    Feature record: CXX_FEATURE:0cxx_extern_templates
    Feature record: CXX_FEATURE:0cxx_final
    Feature record: CXX_FEATURE:0cxx_func_identifier
    Feature record: CXX_FEATURE:0cxx_generalized_initializers
    Feature record: CXX_FEATURE:0cxx_generic_lambdas
    Feature record: CXX_FEATURE:0cxx_inheriting_constructors
    Feature record: CXX_FEATURE:0cxx_inline_namespaces
    Feature record: CXX_FEATURE:0cxx_lambdas
    Feature record: CXX_FEATURE:0cxx_lambda_init_captures
    Feature record: CXX_FEATURE:0cxx_local_type_template_args
    Feature record: CXX_FEATURE:0cxx_long_long_type
    Feature record: CXX_FEATURE:0cxx_noexcept
    Feature record: CXX_FEATURE:0cxx_nonstatic_member_init
    Feature record: CXX_FEATURE:0cxx_nullptr
    Feature record: CXX_FEATURE:0cxx_override
    Feature record: CXX_FEATURE:0cxx_range_for
    Feature record: CXX_FEATURE:0cxx_raw_string_literals
    Feature record: CXX_FEATURE:0cxx_reference_qualified_functions
    Feature record: CXX_FEATURE:0cxx_relaxed_constexpr
    Feature record: CXX_FEATURE:0cxx_return_type_deduction
    Feature record: CXX_FEATURE:0cxx_right_angle_brackets
    Feature record: CXX_FEATURE:0cxx_rvalue_references
    Feature record: CXX_FEATURE:0cxx_sizeof_member
    Feature record: CXX_FEATURE:0cxx_static_assert
    Feature record: CXX_FEATURE:0cxx_strong_enums
    Feature record: CXX_FEATURE:1cxx_template_template_parameters
    Feature record: CXX_FEATURE:0cxx_thread_local
    Feature record: CXX_FEATURE:0cxx_trailing_return_types
    Feature record: CXX_FEATURE:0cxx_unicode_literals
    Feature record: CXX_FEATURE:0cxx_uniform_initialization
    Feature record: CXX_FEATURE:0cxx_unrestricted_unions
    Feature record: CXX_FEATURE:0cxx_user_literals
    Feature record: CXX_FEATURE:0cxx_variable_templates
    Feature record: CXX_FEATURE:0cxx_variadic_macros
    Feature record: CXX_FEATURE:0cxx_variadic_templates
Determining if the include file pthread.h exists passed with the following output:
Change Dir: /home/china/xxx/音乐播放器/build/CMakeFiles/CMakeTmp

Run Build Command:"/usr/bin/make" "cmTC_f4252/fast"
/usr/bin/make -f CMakeFiles/cmTC_f4252.dir/build.make CMakeFiles/cmTC_f4252.dir/build
make[1]: 进入目录“/home/china/xxx/音乐播放器/build/CMakeFiles/CMakeTmp”
Building C object CMakeFiles/cmTC_f4252.dir/CheckIncludeFile.c.o
/usr/local/arm/5.4.0/usr/bin/arm-linux-gcc    -o CMakeFiles/cmTC_f4252.dir/CheckIncludeFile.c.o   -c /home/china/xxx/音乐播放器/build/CMakeFiles/CMakeTmp/CheckIncludeFile.c
Linking C executable cmTC_f4252
/usr/bin/cmake -E cmake_link_script CMakeFiles/cmTC_f4252.dir/link.txt --verbose=1
/usr/local/arm/5.4.0/usr/bin/arm-linux-gcc      -rdynamic CMakeFiles/cmTC_f4252.dir/CheckIncludeFile.c.o  -o cmTC_f4252 
make[1]: 离开目录“/home/china/xxx/音乐播放器/build/CMakeFiles/CMakeTmp”


